<?xml version="1.0" encoding="UTF-8"?>
<!-- Generated by org.testng.reporters.JUnitReportReporter -->
<testsuite hostname="H300023" name="com.servicedesk.com.SelfServiceUser" tests="2" failures="0" timestamp="31 May 2019 12:54:29 GMT" time="0.747" errors="2">
  <testcase name="ReportTechnologyIssue" time="0.464" classname="com.servicedesk.com.SelfServiceUser">
    <error type="java.lang.NoSuchMethodError" message="com.google.common.base.Preconditions.checkArgument(ZLjava/lang/String;Ljava/lang/Object;Ljava/lang/Object;Ljava/lang/Object;)V">
      <![CDATA[java.lang.NoSuchMethodError: com.google.common.base.Preconditions.checkArgument(ZLjava/lang/String;Ljava/lang/Object;Ljava/lang/Object;Ljava/lang/Object;)V
	at org.openqa.selenium.firefox.Preferences.checkPreference(Preferences.java:225)
	at org.openqa.selenium.firefox.Preferences.setPreference(Preferences.java:155)
	at org.openqa.selenium.firefox.Preferences.setPreference(Preferences.java:126)
	at org.openqa.selenium.firefox.Preferences.readDefaultPreferences(Preferences.java:105)
	at org.openqa.selenium.firefox.Preferences.<init>(Preferences.java:66)
	at org.openqa.selenium.firefox.FirefoxProfile.<init>(FirefoxProfile.java:82)
	at org.openqa.selenium.firefox.FirefoxProfile.<init>(FirefoxProfile.java:72)
	at org.openqa.selenium.firefox.ProfilesIni.getProfile(ProfilesIni.java:130)
	at com.servicedesk.com.MainServiceDesk.setUp(Unknown Source)
	at com.servicedesk.com.SelfServiceUser.ReportTechnologyIssue(Unknown Source)
	at sun.reflect.NativeMethodAccessorImpl.invoke0(Native Method)
	at sun.reflect.NativeMethodAccessorImpl.invoke(Unknown Source)
	at sun.reflect.DelegatingMethodAccessorImpl.invoke(Unknown Source)
	at java.lang.reflect.Method.invoke(Unknown Source)
	at org.testng.internal.MethodInvocationHelper.invokeMethod(MethodInvocationHelper.java:85)
	at org.testng.internal.Invoker.invokeMethod(Invoker.java:639)
	at org.testng.internal.Invoker.invokeTestMethod(Invoker.java:816)
	at org.testng.internal.Invoker.invokeTestMethods(Invoker.java:1124)
	at org.testng.internal.TestMethodWorker.invokeTestMethods(TestMethodWorker.java:125)
	at org.testng.internal.TestMethodWorker.run(TestMethodWorker.java:108)
	at org.testng.TestRunner.privateRun(TestRunner.java:774)
	at org.testng.TestRunner.run(TestRunner.java:624)
	at org.testng.SuiteRunner.runTest(SuiteRunner.java:359)
	at org.testng.SuiteRunner.runSequentially(SuiteRunner.java:354)
	at org.testng.SuiteRunner.privateRun(SuiteRunner.java:312)
	at org.testng.SuiteRunner.run(SuiteRunner.java:261)
	at org.testng.SuiteRunnerWorker.runSuite(SuiteRunnerWorker.java:52)
	at org.testng.SuiteRunnerWorker.run(SuiteRunnerWorker.java:86)
	at org.testng.TestNG.runSuitesSequentially(TestNG.java:1215)
	at org.testng.TestNG.runSuitesLocally(TestNG.java:1140)
	at org.testng.TestNG.run(TestNG.java:1048)
	at org.testng.TestNG.privateMain(TestNG.java:1355)
	at org.testng.TestNG.main(TestNG.java:1324)
]]>
    </error>
  </testcase> <!-- ReportTechnologyIssue -->
  <testcase name="ReportTechnologyIssue" time="0.283" classname="com.servicedesk.com.SelfServiceUser">
    <error type="java.lang.NoSuchMethodError" message="com.google.common.base.Preconditions.checkArgument(ZLjava/lang/String;Ljava/lang/Object;Ljava/lang/Object;Ljava/lang/Object;)V">
      <![CDATA[java.lang.NoSuchMethodError: com.google.common.base.Preconditions.checkArgument(ZLjava/lang/String;Ljava/lang/Object;Ljava/lang/Object;Ljava/lang/Object;)V
	at org.openqa.selenium.firefox.Preferences.checkPreference(Preferences.java:225)
	at org.openqa.selenium.firefox.Preferences.setPreference(Preferences.java:155)
	at org.openqa.selenium.firefox.Preferences.setPreference(Preferences.java:126)
	at org.openqa.selenium.firefox.Preferences.readDefaultPreferences(Preferences.java:105)
	at org.openqa.selenium.firefox.Preferences.<init>(Preferences.java:66)
	at org.openqa.selenium.firefox.FirefoxProfile.<init>(FirefoxProfile.java:82)
	at org.openqa.selenium.firefox.FirefoxProfile.<init>(FirefoxProfile.java:72)
	at org.openqa.selenium.firefox.ProfilesIni.getProfile(ProfilesIni.java:130)
	at com.servicedesk.com.MainServiceDesk.setUp(Unknown Source)
	at com.servicedesk.com.SelfServiceUser.ReportTechnologyIssue(Unknown Source)
	at sun.reflect.NativeMethodAccessorImpl.invoke0(Native Method)
	at sun.reflect.NativeMethodAccessorImpl.invoke(Unknown Source)
	at sun.reflect.DelegatingMethodAccessorImpl.invoke(Unknown Source)
	at java.lang.reflect.Method.invoke(Unknown Source)
	at org.testng.internal.MethodInvocationHelper.invokeMethod(MethodInvocationHelper.java:85)
	at org.testng.internal.Invoker.invokeMethod(Invoker.java:639)
	at org.testng.internal.Invoker.invokeTestMethod(Invoker.java:816)
	at org.testng.internal.Invoker.invokeTestMethods(Invoker.java:1124)
	at org.testng.internal.TestMethodWorker.invokeTestMethods(TestMethodWorker.java:125)
	at org.testng.internal.TestMethodWorker.run(TestMethodWorker.java:108)
	at org.testng.TestRunner.privateRun(TestRunner.java:774)
	at org.testng.TestRunner.run(TestRunner.java:624)
	at org.testng.SuiteRunner.runTest(SuiteRunner.java:359)
	at org.testng.SuiteRunner.runSequentially(SuiteRunner.java:354)
	at org.testng.SuiteRunner.privateRun(SuiteRunner.java:312)
	at org.testng.SuiteRunner.run(SuiteRunner.java:261)
	at org.testng.SuiteRunnerWorker.runSuite(SuiteRunnerWorker.java:52)
	at org.testng.SuiteRunnerWorker.run(SuiteRunnerWorker.java:86)
	at org.testng.TestNG.runSuitesSequentially(TestNG.java:1215)
	at org.testng.TestNG.runSuitesLocally(TestNG.java:1140)
	at org.testng.TestNG.run(TestNG.java:1048)
	at org.testng.TestNG.privateMain(TestNG.java:1355)
	at org.testng.TestNG.main(TestNG.java:1324)
]]>
    </error>
  </testcase> <!-- ReportTechnologyIssue -->
</testsuite> <!-- com.servicedesk.com.SelfServiceUser -->
