<?xml version="1.0" encoding="UTF-8"?>
<!-- Generated by org.testng.reporters.JUnitReportReporter -->
<testsuite hostname="H300023" name="com.skg.basic.AllenParkCompass" tests="1" failures="0" timestamp="16 May 2019 14:19:18 GMT" time="168.515" errors="0">
  <testcase name="test2" time="168.515" classname="com.skg.basic.AllenParkCompass"/>
</testsuite> <!-- com.skg.basic.AllenParkCompass -->
