<?xml version="1.0" encoding="UTF-8"?>
<!-- Generated by org.testng.reporters.JUnitReportReporter -->
<testsuite hostname="H300023" name="com.skg.basic.BellevilleCompass" tests="1" failures="0" timestamp="16 May 2019 14:19:18 GMT" time="147.824" errors="0">
  <testcase name="test3" time="147.824" classname="com.skg.basic.BellevilleCompass"/>
</testsuite> <!-- com.skg.basic.BellevilleCompass -->
