<?xml version="1.0" encoding="UTF-8"?>
<!-- Generated by org.testng.reporters.JUnitReportReporter -->
<testsuite hostname="H300023" name="com.skg.basic.Compass" tests="1" failures="0" timestamp="15 May 2019 18:11:02 GMT" time="196.133" errors="0">
  <testcase name="test2" time="196.133" classname="com.skg.basic.Compass"/>
</testsuite> <!-- com.skg.basic.Compass -->
