<?xml version="1.0" encoding="UTF-8"?>
<!-- Generated by org.testng.reporters.JUnitReportReporter -->
<testsuite hostname="H300023" name="com.skg.basic.BasicTest" tests="1" failures="0" timestamp="16 May 2019 14:19:18 GMT" time="55.415" errors="0">
  <testcase name="test1" time="55.415" classname="com.skg.basic.BasicTest"/>
</testsuite> <!-- com.skg.basic.BasicTest -->
