<?xml version="1.0" encoding="UTF-8"?>
<!-- Generated by org.testng.reporters.JUnitReportReporter -->
<testsuite hostname="H300023" name="com.servicedesk.com.SelfServiceUser" tests="1" failures="0" timestamp="17 Jun 2019 18:35:37 GMT" time="71.519" errors="0">
  <testcase name="ReportTechnologyIssue" time="71.519" classname="com.servicedesk.com.SelfServiceUser"/>
</testsuite> <!-- com.servicedesk.com.SelfServiceUser -->
