<?xml version="1.0" encoding="UTF-8"?>
<!-- Generated by org.testng.reporters.JUnitReportReporter -->
<testsuite hostname="H300023" name="com.servicedesk.com.CreateCloseTask" tests="1" failures="0" timestamp="17 Jun 2019 18:35:37 GMT" time="275.408" errors="0">
  <testcase name="CreatingAndClosingTask" time="275.408" classname="com.servicedesk.com.CreateCloseTask"/>
</testsuite> <!-- com.servicedesk.com.CreateCloseTask -->
