<?xml version="1.0" encoding="UTF-8"?>
<!-- Generated by org.testng.reporters.JUnitReportReporter -->
<testsuite hostname="H300023" name="com.servicedesk.com.CreatingAndModifyingIncident" tests="1" failures="0" timestamp="17 Jun 2019 18:35:37 GMT" time="221.011" errors="0">
  <testcase name="CreatingAndModifyingIncident" time="221.011" classname="com.servicedesk.com.CreatingAndModifyingIncident"/>
</testsuite> <!-- com.servicedesk.com.CreatingAndModifyingIncident -->
