<?xml version="1.0" encoding="UTF-8"?>
<!-- Generated by org.testng.reporters.JUnitReportReporter -->
<testsuite hostname="H300023" name="com.servicedesk.com.BasicTest" tests="1" failures="0" timestamp="13 Jun 2019 00:25:21 GMT" time="54.353" errors="0">
  <testcase name="test1" time="54.353" classname="com.servicedesk.com.BasicTest"/>
</testsuite> <!-- com.servicedesk.com.BasicTest -->
